<?xml version="1.0" encoding="UTF-8"?>
<testng-results skipped="0" failed="0" total="1" passed="1">
  <reporter-output>
    <line>
      <![CDATA[ChromeDriver launched To Automate TestCases]]>
    </line>
    <line>
      <![CDATA[OrangeHRM - New Level of HR Management displayed]]>
    </line>
    <line>
      <![CDATA[ is displayed]]>
    </line>
    <line>
      <![CDATA[ is displayed]]>
    </line>
    <line>
      <![CDATA[ is displayed]]>
    </line>
    <line>
      <![CDATA[ is displayed]]>
    </line>
    <line>
      <![CDATA[Page Loaded]]>
    </line>
    <line>
      <![CDATA[OrangeHRM displayed]]>
    </line>
    <line>
      <![CDATA[PIM is displayed]]>
    </line>
    <line>
      <![CDATA[Add Employee is displayed]]>
    </line>
    <line>
      <![CDATA[Page Loaded]]>
    </line>
    <line>
      <![CDATA[ is displayed]]>
    </line>
    <line>
      <![CDATA[First Name * is displayed]]>
    </line>
    <line>
      <![CDATA[ is displayed]]>
    </line>
    <line>
      <![CDATA[Last Name Empty! alert is displayed]]>
    </line>
    <line>
      <![CDATA[First Name Empty! alert is displayed]]>
    </line>
    <line>
      <![CDATA[Page Loaded]]>
    </line>
    <line>
      <![CDATA[Page Loaded]]>
    </line>
    <line>
      <![CDATA[Employee List is displayed]]>
    </line>
  </reporter-output>
  <suite name="Default suite" duration-ms="12404" started-at="2017-07-22T05:07:35Z" finished-at="2017-07-22T05:07:47Z">
    <groups>
    </groups>
    <test name="Default test" duration-ms="12404" started-at="2017-07-22T05:07:35Z" finished-at="2017-07-22T05:07:47Z">
      <class name="org.QAPlanet.TestScripts.TC2_AddEmployee">
        <test-method status="PASS" signature="verifyOrangeHRMApplication()[pri:0, instance:org.QAPlanet.TestScripts.TC2_AddEmployee@1fa1d9b]" name="verifyOrangeHRMApplication" duration-ms="12383" started-at="2017-07-22T10:37:35Z" finished-at="2017-07-22T10:37:47Z">
          <reporter-output>
            <line>
              <![CDATA[ChromeDriver launched To Automate TestCases]]>
            </line>
            <line>
              <![CDATA[OrangeHRM - New Level of HR Management displayed]]>
            </line>
            <line>
              <![CDATA[ is displayed]]>
            </line>
            <line>
              <![CDATA[ is displayed]]>
            </line>
            <line>
              <![CDATA[ is displayed]]>
            </line>
            <line>
              <![CDATA[ is displayed]]>
            </line>
            <line>
              <![CDATA[Page Loaded]]>
            </line>
            <line>
              <![CDATA[OrangeHRM displayed]]>
            </line>
            <line>
              <![CDATA[PIM is displayed]]>
            </line>
            <line>
              <![CDATA[Add Employee is displayed]]>
            </line>
            <line>
              <![CDATA[Page Loaded]]>
            </line>
            <line>
              <![CDATA[ is displayed]]>
            </line>
            <line>
              <![CDATA[First Name * is displayed]]>
            </line>
            <line>
              <![CDATA[ is displayed]]>
            </line>
            <line>
              <![CDATA[Last Name Empty! alert is displayed]]>
            </line>
            <line>
              <![CDATA[First Name Empty! alert is displayed]]>
            </line>
            <line>
              <![CDATA[Page Loaded]]>
            </line>
            <line>
              <![CDATA[Page Loaded]]>
            </line>
            <line>
              <![CDATA[Employee List is displayed]]>
            </line>
          </reporter-output>
        </test-method> <!-- verifyOrangeHRMApplication -->
      </class> <!-- org.QAPlanet.TestScripts.TC2_AddEmployee -->
    </test> <!-- Default test -->
  </suite> <!-- Default suite -->
</testng-results>
